INFO:root:Crypto Balance Script by GoneUp
INFO:root:Loaded 3 key entrys
INFO:root:Parsed 3 valid key entrys
INFO:root:Querying...
INFO:btfxwss.connection:Connection opened
INFO:btfxwss.connection:API version: 2
INFO:btfxwss.connection:Connection closed
INFO:root:Balance of bitfinex: {'ETH': 0.0, 'IOT': 408.54680815999996, 'BTC': 0.0}
INFO:root:Balance of bittrex: {'ETH': 0.0, 'BTG': 0.0, 'LTC': 0.0, 'NAV': 155.15265731, 'USDT': 0.0, 'ADA': 1522.55848256, 'XRP': 0.0, 'BCC': 0.0, 'VTC': 0.0, 'OMG': 0.0, 'GRS': 0.0, 'BTC': 1.5e-07, 'SC': 53252.55034615}
INFO:root:Balance of bitstamp: {'eur': '0.01', 'btc': '0.00000000', 'usd': '0.00'}
INFO:root:Normalizing..
INFO:root:Total:
INFO:root:Crypto Balance Script by GoneUp
INFO:root:Loaded 3 key entrys
INFO:root:Parsed 3 valid key entrys
INFO:root:Querying...
INFO:btfxwss.connection:Connection opened
INFO:btfxwss.connection:API version: 2
INFO:btfxwss.connection:Connection closed
INFO:root:Balance of bitfinex: {'BTC': 0.0, 'IOT': 408.54680815999996, 'ETH': 0.0}
INFO:root:Balance of bittrex: {'USDT': 0.0, 'XRP': 0.0, 'NAV': 155.15265731, 'SC': 53252.55034615, 'GRS': 0.0, 'BTG': 0.0, 'OMG': 0.0, 'LTC': 0.0, 'VTC': 0.0, 'ADA': 1522.55848256, 'BCC': 0.0, 'BTC': 1.5e-07, 'ETH': 0.0}
INFO:root:Balance of bitstamp: {'btc': '0.00000000', 'eur': '0.01', 'usd': '0.00'}
INFO:root:Normalizing..
INFO:root:Total:
INFO:root:Crypto Balance Script by GoneUp
INFO:root:Loaded 3 key entrys
INFO:root:Parsed 3 valid key entrys
INFO:root:Querying...
INFO:btfxwss.connection:Connection opened
INFO:btfxwss.connection:API version: 2
INFO:btfxwss.connection:Connection closed
INFO:root:Balance of bitfinex: {'BTC': 0.0, 'ETH': 0.0, 'IOT': 408.54680815999996}
INFO:root:Balance of bittrex: {'LTC': 0.0, 'BCC': 0.0, 'NAV': 155.15265731, 'OMG': 0.0, 'BTC': 1.5e-07, 'ETH': 0.0, 'USDT': 0.0, 'GRS': 0.0, 'XRP': 0.0, 'VTC': 0.0, 'SC': 53252.55034615, 'ADA': 1522.55848256, 'BTG': 0.0}
INFO:root:Balance of bitstamp: {'btc': '0.00000000', 'usd': '0.00', 'eur': '0.01'}
INFO:root:Normalizing..
INFO:root:Total:
INFO:root:Crypto Balance Script by GoneUp
INFO:root:Loaded 4 key entrys
INFO:root:Parsed 4 valid key entrys
INFO:root:Querying...
INFO:btfxwss.connection:Connection opened
INFO:btfxwss.connection:API version: 2
INFO:btfxwss.connection:Connection closed
INFO:root:Balance of bitfinex: {'IOT': 408.54680815999996, 'ETH': 0.0, 'BTC': 0.0}
INFO:root:Balance of bittrex: {'VTC': 0.0, 'XRP': 0.0, 'BCC': 0.0, 'LTC': 0.0, 'ADA': 1522.55848256, 'BTC': 1.5e-07, 'SC': 53252.55034615, 'USDT': 0.0, 'GRS': 0.0, 'BTG': 0.0, 'NAV': 155.15265731, 'OMG': 0.0, 'ETH': 0.0}
INFO:root:Balance of bitstamp: {'eur': '0.01', 'btc': '0.00000000', 'usd': '0.00'}
INFO:root:Balance of binance: {'BTC': '0.00008083', 'USDT': '0.02191686'}
INFO:root:Normalizing..
INFO:root:Total:
INFO:root:Crypto Balance Script by GoneUp
INFO:root:Loaded 5 key entrys
INFO:root:Parsed 5 valid key entrys
INFO:root:Querying...
INFO:root:Balance of bittrex: {'OMG': 0.0, 'USDT': 0.0, 'SC': 53252.55034615, 'BTC': 1.5e-07, 'VTC': 0.0, 'LTC': 0.0, 'NAV': 155.15265731, 'BTG': 0.0, 'BCC': 0.0, 'ADA': 1522.55848256, 'GRS': 0.0, 'XRP': 0.0, 'ETH': 0.0}
INFO:root:Balance of bitstamp: {'usd': '0.00', 'eur': '0.01', 'btc': '0.00000000'}
INFO:root:Balance of binance: {'BTC': '0.00008083', 'USDT': '0.02191686'}
INFO:btfxwss.connection:Connection opened
INFO:btfxwss.connection:API version: 2
INFO:btfxwss.connection:Connection closed
INFO:root:Balance of bitfinex: {'BTC': 0.0, 'IOT': 408.54680815999996, 'ETH': 0.0}
ERROR:root:Error while querying <__main__.KrakenService object at 0x000000000422E898>: 520 Server Error: Origin Error for url: https://api.kraken.com/0/private/Balance
INFO:root:Normalizing..
INFO:root:Total:
INFO:root:Crypto Balance Script by GoneUp
INFO:root:Loaded 5 key entrys
INFO:root:Parsed 5 valid key entrys
INFO:root:Querying...
INFO:root:Balance of bittrex: {'GRS': 0.0, 'LTC': 0.0, 'ADA': 1522.55848256, 'BTC': 1.5e-07, 'USDT': 0.0, 'ETH': 0.0, 'BCC': 0.0, 'XRP': 0.0, 'SC': 53252.55034615, 'BTG': 0.0, 'VTC': 0.0, 'NAV': 155.15265731, 'OMG': 0.0}
INFO:root:Balance of bitstamp: {'eur': '0.01', 'btc': '0.00000000', 'usd': '0.00'}
INFO:root:Balance of binance: {'BTC': '0.00008083', 'USDT': '0.02191686'}
INFO:btfxwss.connection:Connection opened
INFO:btfxwss.connection:API version: 2
INFO:btfxwss.connection:Connection closed
INFO:root:Balance of bitfinex: {'IOT': 408.54680815999996, 'ETH': 0.0, 'BTC': 0.0}
INFO:root:Balance of kraken: {'XXBT': '0.0000000000', 'XXRP': '0.00000012', 'XETH': '0.0000000000', 'ZEUR': '2.4502', 'XZEC': '0.0000000000', 'DASH': '0.0000094400', 'XXMR': '0.0000078400'}
INFO:root:Normalizing..
INFO:root:Total:
INFO:root:Crypto Balance Script by GoneUp
INFO:root:Loaded 5 key entrys
INFO:root:Parsed 5 valid key entrys
INFO:root:Querying...
INFO:root:Balance of bittrex: {'XRP': 0.0, 'BCC': 0.0, 'NAV': 155.15265731, 'BTG': 0.0, 'BTC': 1.5e-07, 'ETH': 0.0, 'ADA': 1522.55848256, 'SC': 53252.55034615, 'GRS': 0.0, 'VTC': 0.0, 'LTC': 0.0, 'USDT': 0.0, 'OMG': 0.0}
INFO:root:Balance of bitstamp: {'usd': '0.00', 'eur': '0.01', 'btc': '0.00000000'}
INFO:root:Balance of binance: {'USDT': '0.02191686', 'BTC': '0.00008083'}
INFO:btfxwss.connection:Connection opened
INFO:btfxwss.connection:API version: 2
INFO:btfxwss.connection:Connection closed
INFO:root:Balance of bitfinex: {'ETH': 0.0, 'IOT': 408.54680815999996, 'BTC': 0.0}
ERROR:root:Error while querying <__main__.KrakenService object at 0x000000000422DB00>: 520 Server Error: Origin Error for url: https://api.kraken.com/0/private/Balance
INFO:root:Normalizing..
INFO:root:Crypto Balance Script by GoneUp
INFO:root:Loaded 5 key entrys
INFO:root:Parsed 5 valid key entrys
INFO:root:Querying...
INFO:root:Balance of bittrex: {'GRS': 0.0, 'LTC': 0.0, 'VTC': 0.0, 'ETH': 0.0, 'USDT': 0.0, 'BTC': 1.5e-07, 'XRP': 0.0, 'NAV': 155.15265731, 'SC': 53252.55034615, 'ADA': 1522.55848256, 'BCC': 0.0, 'BTG': 0.0, 'OMG': 0.0}
INFO:root:Balance of bitstamp: {'btc': '0.00000000', 'usd': '0.00', 'eur': '0.01'}
INFO:root:Balance of binance: {'USDT': '0.02191686', 'BTC': '0.00008083'}
INFO:btfxwss.connection:Connection opened
INFO:btfxwss.connection:API version: 2
INFO:btfxwss.connection:Connection closed
INFO:root:Balance of bitfinex: {'IOT': 408.54680815999996, 'BTC': 0.0, 'ETH': 0.0}
ERROR:root:Error while querying <__main__.KrakenService object at 0x000000000426DB00>: 520 Server Error: Origin Error for url: https://api.kraken.com/0/private/Balance
INFO:root:Normalizing..
INFO:root:Total:
INFO:root:{'GRS': 0.0, 'LTC': 0.0, 'VTC': 0.0, 'ETH': 0.0, 'USDT': 0.02191686, 'BTC': 8.098e-05, 'IOT': 408.54680815999996, 'XRP': 0.0, 'NAV': 155.15265731, 'SC': 53252.55034615, 'ADA': 1522.55848256, 'BCC': 0.0, 'USD': 0.0, 'EUR': 0.01, 'BTG': 0.0, 'OMG': 0.0}
INFO:root:Crypto Balance Script by GoneUp
INFO:root:Loaded 5 key entrys
INFO:root:Parsed 5 valid key entrys
INFO:root:Querying...
INFO:root:Balance of bittrex: {'VTC': 0.0, 'OMG': 0.0, 'XRP': 0.0, 'LTC': 0.0, 'USDT': 0.0, 'BTG': 0.0, 'GRS': 0.0, 'ADA': 1522.55848256, 'NAV': 155.15265731, 'BCC': 0.0, 'SC': 53252.55034615, 'ETH': 0.0, 'BTC': 1.5e-07}
INFO:root:Balance of bitstamp: {'usd': '0.00', 'btc': '0.00000000', 'eur': '0.01'}
INFO:root:Balance of binance: {'BTC': '0.00008083', 'USDT': '0.02191686'}
INFO:btfxwss.connection:Connection opened
INFO:btfxwss.connection:API version: 2
INFO:btfxwss.connection:Connection closed
INFO:root:Balance of bitfinex: {'ETH': 0.0, 'BTC': 0.0, 'IOT': 408.54680815999996}
INFO:root:Balance of kraken: {'XXMR': '0.0000078400', 'ZEUR': '2.4502', 'XETH': '0.0000000000', 'XXRP': '0.00000012', 'XZEC': '0.0000000000', 'DASH': '0.0000094400', 'XXBT': '0.0000000000'}
INFO:root:Normalizing..
INFO:root:Total:
INFO:root:Crypto Balance Script by GoneUp
INFO:root:Loaded 5 key entrys
INFO:root:Parsed 5 valid key entrys
INFO:root:Querying...
INFO:root:Balance of bittrex: {'ETH': 0.0, 'BTC': 1.5e-07, 'BTG': 0.0, 'OMG': 0.0, 'GRS': 0.0, 'NAV': 155.15265731, 'SC': 53252.55034615, 'USDT': 0.0, 'BCC': 0.0, 'LTC': 0.0, 'XRP': 0.0, 'ADA': 1522.55848256, 'VTC': 0.0}
INFO:root:Balance of bitstamp: {'btc': '0.00000000', 'usd': '0.00', 'eur': '0.01'}
INFO:root:Balance of binance: {'USDT': '0.02191686', 'BTC': '0.00008083'}
INFO:btfxwss.connection:Connection opened
INFO:btfxwss.connection:API version: 2
INFO:btfxwss.connection:Connection closed
INFO:root:Balance of bitfinex: {'ETH': 0.0, 'BTC': 0.0, 'IOT': 408.54680815999996}
INFO:root:Balance of kraken: {'XXRP': '0.00000012', 'XZEC': '0.0000000000', 'XETH': '0.0000000000', 'XXMR': '0.0000078400', 'XXBT': '0.0000000000', 'ZEUR': '2.4502', 'DASH': '0.0000094400'}
INFO:root:Normalizing..
INFO:root:Total:
INFO:root:Crypto Balance Script by GoneUp
INFO:root:Loaded 5 key entrys
INFO:root:Parsed 5 valid key entrys
INFO:root:Querying...
INFO:root:Balance of bittrex: {'ADA': 1522.55848256, 'SC': 53252.55034615, 'GRS': 0.0, 'VTC': 0.0, 'OMG': 0.0, 'ETH': 0.0, 'LTC': 0.0, 'BTC': 1.5e-07, 'BCC': 0.0, 'NAV': 155.15265731, 'BTG': 0.0, 'USDT': 0.0, 'XRP': 0.0}
INFO:root:Balance of bitstamp: {'eur': '0.01', 'usd': '0.00', 'btc': '0.00000000'}
INFO:root:Balance of binance: {'USDT': '0.02191686', 'BTC': '0.00008083'}
INFO:btfxwss.connection:Connection opened
INFO:btfxwss.connection:API version: 2
INFO:btfxwss.connection:Connection closed
INFO:root:Balance of bitfinex: {'IOT': 408.54680815999996, 'BTC': 0.0, 'ETH': 0.0}
INFO:root:Balance of kraken: {'XXMR': '0.0000078400', 'XXBT': '0.0000000000', 'XZEC': '0.0000000000', 'DASH': '0.0000094400', 'XETH': '0.0000000000', 'XXRP': '0.00000012', 'ZEUR': '2.4502'}
INFO:root:Normalizing..
INFO:root:Total:
INFO:root:Crypto Balance Script by GoneUp
INFO:root:Loaded 5 key entrys
INFO:root:Parsed 5 valid key entrys
INFO:root:Querying...
INFO:root:Balance of bittrex: {'BTC': 1.5e-07, 'BTG': 0.0, 'USDT': 0.0, 'NAV': 155.15265731, 'GRS': 0.0, 'SC': 53252.55034615, 'ADA': 1522.55848256, 'XRP': 0.0, 'ETH': 0.0, 'VTC': 0.0, 'OMG': 0.0, 'LTC': 0.0, 'BCC': 0.0}
INFO:root:Balance of bitstamp: {'eur': '0.01', 'btc': '0.00000000', 'usd': '0.00'}
INFO:root:Balance of binance: {'BTC': '0.00008083', 'USDT': '0.02191686'}
INFO:btfxwss.connection:Connection opened
INFO:btfxwss.connection:API version: 2
INFO:btfxwss.connection:Connection closed
INFO:root:Balance of bitfinex: {'BTC': 0.0, 'ETH': 0.0, 'IOT': 408.54680815999996}
INFO:root:Balance of kraken: {'ZEUR': '2.4502', 'XXBT': '0.0000000000', 'DASH': '0.0000094400', 'XZEC': '0.0000000000', 'XETH': '0.0000000000', 'XXMR': '0.0000078400', 'XXRP': '0.00000012'}
INFO:root:Normalizing..
INFO:root:Total:
INFO:root:Currency: BTC, Value: 0.0001
INFO:root:Currency: BTG, Value: 0.0000
INFO:root:Currency: USDT, Value: 0.0219
INFO:root:Currency: IOT, Value: 408.5468
INFO:root:Currency: NAV, Value: 155.1527
INFO:root:Currency: GRS, Value: 0.0000
INFO:root:Currency: DASH, Value: 0.0000
INFO:root:Currency: ZEC, Value: 0.0000
INFO:root:Currency: SC, Value: 53252.5503
INFO:root:Currency: XMR, Value: 0.0000
INFO:root:Currency: EUR, Value: 0.0100
INFO:root:Currency: ZEUR, Value: 2.4502
INFO:root:Currency: ADA, Value: 1522.5585
INFO:root:Currency: XRP, Value: 0.0000
INFO:root:Currency: ETH, Value: 0.0000
INFO:root:Currency: USD, Value: 0.0000
INFO:root:Currency: VTC, Value: 0.0000
INFO:root:Currency: OMG, Value: 0.0000
INFO:root:Currency: LTC, Value: 0.0000
INFO:root:Currency: BCC, Value: 0.0000
INFO:root:Crypto Balance Script by GoneUp
INFO:root:Loaded 5 key entrys
INFO:root:Parsed 5 valid key entrys
INFO:root:Querying...
INFO:root:Balance of bittrex: {'XRP': 0.0, 'SC': 53252.55034615, 'VTC': 0.0, 'NAV': 155.15265731, 'LTC': 0.0, 'OMG': 0.0, 'ADA': 1522.55848256, 'BTG': 0.0, 'ETH': 0.0, 'USDT': 0.0, 'BTC': 1.5e-07, 'BCC': 0.0, 'GRS': 0.0}
INFO:root:Balance of bitstamp: {'usd': '0.00', 'eur': '0.01', 'btc': '0.00000000'}
INFO:root:Balance of binance: {'USDT': '0.02191686', 'BTC': '0.00008083'}
INFO:btfxwss.connection:Connection opened
INFO:btfxwss.connection:API version: 2
INFO:btfxwss.connection:Connection closed
INFO:root:Balance of bitfinex: {'ETH': 0.0, 'IOT': 408.54680815999996, 'BTC': 0.0}
ERROR:root:Error while querying <__main__.KrakenService object at 0x0000000004263F98>: 520 Server Error: Origin Error for url: https://api.kraken.com/0/private/Balance
INFO:root:Normalizing..
INFO:root:Total:
INFO:root:Currency: EUR, Value: 0.0100
INFO:root:Currency: USD, Value: 0.0000
INFO:root:Currency: SC, Value: 53252.5503
INFO:root:Currency: VTC, Value: 0.0000
INFO:root:Currency: NAV, Value: 155.1527
INFO:root:Currency: LTC, Value: 0.0000
INFO:root:Currency: OMG, Value: 0.0000
INFO:root:Currency: BTC, Value: 0.0001
INFO:root:Currency: BTG, Value: 0.0000
INFO:root:Currency: ETH, Value: 0.0000
INFO:root:Currency: USDT, Value: 0.0219
INFO:root:Currency: ADA, Value: 1522.5585
INFO:root:Currency: IOT, Value: 408.5468
INFO:root:Currency: GRS, Value: 0.0000
INFO:root:Currency: XRP, Value: 0.0000
INFO:root:Currency: BCC, Value: 0.0000
